<?xml version="1.0" encoding="UTF-8"?>
<testng-results skipped="0" failed="0" total="1" passed="1">
  <reporter-output>
  </reporter-output>
  <suite name="Default suite" duration-ms="16469" started-at="2018-11-14T12:04:44Z" finished-at="2018-11-14T12:05:00Z">
    <groups>
    </groups>
    <test name="Default test" duration-ms="16469" started-at="2018-11-14T12:04:44Z" finished-at="2018-11-14T12:05:00Z">
      <class name="Demo">
        <test-method status="PASS" signature="m1()[pri:0, instance:Demo@1fb3ab6]" name="m1" duration-ms="16406" started-at="2018-11-14T17:34:44Z" finished-at="2018-11-14T17:35:00Z">
          <reporter-output>
          </reporter-output>
        </test-method> <!-- m1 -->
      </class> <!-- Demo -->
    </test> <!-- Default test -->
  </suite> <!-- Default suite -->
</testng-results>
